org.coughlin.android.fmm.v1.application1/orgcoughlinandroidgrocerylistapplication/build/intermediates/manifest_merge_blame_file/debug/manifest-merger-blame-debug-report.txt
1<?xml version="1.0" encoding="utf-8"?>
2<manifest xmlns:android="http://schemas.android.com/apk/res/android"
3    package="org.coughlin.grocerylist"
4    android:versionCode="1"
5    android:versionName="1.0" >
6
7    <uses-sdk
7-->src/main/AndroidManifest.xml:7:5-9:41
8        android:minSdkVersion="17"
8-->src/main/AndroidManifest.xml:8:9-35
9        android:targetSdkVersion="18" />
9-->src/main/AndroidManifest.xml:9:9-38
10
11    <application
11-->src/main/AndroidManifest.xml:11:5-61:19
12        android:allowBackup="true"
12-->src/main/AndroidManifest.xml:12:9-35
13        android:debuggable="true"
14        android:icon="@drawable/ic_launcher"
14-->src/main/AndroidManifest.xml:13:9-45
15        android:label="@string/app_name"
15-->src/main/AndroidManifest.xml:14:9-41
16        android:testOnly="true"
17        android:theme="@style/AppTheme" >
17-->src/main/AndroidManifest.xml:15:9-40
18        <activity
18-->src/main/AndroidManifest.xml:16:9-36:20
19            android:name="org.coughlin.grocerylist.GrocerylistActivity"
19-->src/main/AndroidManifest.xml:17:13-72
20            android:label="@string/app_name"
20-->src/main/AndroidManifest.xml:18:13-45
21            android:launchMode="singleTop" >
21-->src/main/AndroidManifest.xml:19:13-43
22            <intent-filter>
22-->src/main/AndroidManifest.xml:20:13-24:29
23                <action android:name="android.intent.action.MAIN" />
23-->src/main/AndroidManifest.xml:21:17-69
23-->src/main/AndroidManifest.xml:21:25-66
24
25                <category android:name="android.intent.category.LAUNCHER" />
25-->src/main/AndroidManifest.xml:23:17-77
25-->src/main/AndroidManifest.xml:23:27-74
26            </intent-filter>
27
28            <meta-data
28-->src/main/AndroidManifest.xml:26:13-28:54
29                android:name="android.app.searchable"
29-->src/main/AndroidManifest.xml:27:17-54
30                android:resource="@xml/searchable" />
30-->src/main/AndroidManifest.xml:28:17-51
31
32            <intent-filter>
32-->src/main/AndroidManifest.xml:30:13-32:29
33                <action android:name="android.intent.action.SEARCH" />
33-->src/main/AndroidManifest.xml:31:17-71
33-->src/main/AndroidManifest.xml:31:25-68
34            </intent-filter>
35            <intent-filter>
35-->src/main/AndroidManifest.xml:33:13-35:29
36                <action android:name="android.intent.action.VIEW" />
36-->src/main/AndroidManifest.xml:34:17-69
36-->src/main/AndroidManifest.xml:34:25-66
37            </intent-filter>
38        </activity>
39
40        <provider
40-->src/main/AndroidManifest.xml:38:9-43:20
41            android:name="org.coughlin.grocerylist.GroceryContentProvider"
41-->src/main/AndroidManifest.xml:39:13-75
42            android:authorities="org.coughlin.provider.grocery"
42-->src/main/AndroidManifest.xml:40:13-64
43            android:exported="true" >
43-->src/main/AndroidManifest.xml:41:13-36
44            <grant-uri-permission android:pathPattern=".*" />
44-->src/main/AndroidManifest.xml:42:13-62
44-->src/main/AndroidManifest.xml:42:35-59
45        </provider>
46
47        <activity
47-->src/main/AndroidManifest.xml:45:9-49:20
48            android:name="org.coughlin.grocerylist.SearchActivity"
48-->src/main/AndroidManifest.xml:46:13-67
49            android:label="@string/title_activity_search"
49-->src/main/AndroidManifest.xml:47:13-58
50            android:launchMode="singleTop" >
50-->src/main/AndroidManifest.xml:48:13-43
51        </activity>
52        <activity
52-->src/main/AndroidManifest.xml:50:9-53:20
53            android:name="org.coughlin.grocerylist.ProductActivity"
53-->src/main/AndroidManifest.xml:51:13-68
54            android:label="@string/title_activity_product" >
54-->src/main/AndroidManifest.xml:52:13-59
55        </activity>
56        <activity
56-->src/main/AndroidManifest.xml:54:9-57:20
57            android:name="org.coughlin.grocerylist.HistoryActivity"
57-->src/main/AndroidManifest.xml:55:13-68
58            android:label="@string/title_activity_history" >
58-->src/main/AndroidManifest.xml:56:13-59
59        </activity>
60
61        <provider
61-->src/main/AndroidManifest.xml:58:9-60:20
62            android:name="org.coughlin.grocerylist.HistoryContentProvider"
62-->src/main/AndroidManifest.xml:58:19-56
63            android:authorities="org.coughlin.provider.history" >
63-->src/main/AndroidManifest.xml:58:57-108
64            <grant-uri-permission android:pathPattern=".*" />
64-->src/main/AndroidManifest.xml:42:13-62
64-->src/main/AndroidManifest.xml:42:35-59
65        </provider>
66    </application>
67
68</manifest>